# JRE version: OpenJDK Runtime Environment (17.0.9) (build 17.0.9+0--11185874)
# Java VM: OpenJDK 64-Bit Server VM (17.0.9+0--11185874, mixed mode, tiered, compressed oops, compressed class ptrs, g1 gc, windows-amd64)
GC Precious Log:
 CPUs: 12 total, 12 available
 Memory: 16088M
 Large Page Support: Disabled
 NUMA Support: Disabled
 Compressed Oops: Enabled (32-bit)
 Heap Region Size: 1M
 Heap Min Capacity: 8M
 Heap Initial Capacity: 252M
 Heap Max Capacity: 2G
 Pre-touch: Disabled
 Parallel Workers: 10
 Concurrent Workers: 3
 Concurrent Refinement Workers: 10
 Periodic GC: Disabled
Heap:
 garbage-first heap   total 391168K, used 199508K [0x0000000080000000, 0x0000000100000000)
  region size 1024K, 2 young (2048K), 2 survivors (2048K)
 Metaspace       used 139282K, committed 140224K, reserved 1179648K
  class space    used 18486K, committed 18944K, reserved 1048576K
GC Heap History (20 events):
Event: 307.115 GC heap after
{Heap after GC invocations=42 (full 0):
 garbage-first heap   total 311296K, used 188363K [0x0000000080000000, 0x0000000100000000)
  region size 1024K, 1 young (1024K), 1 survivors (1024K)
 Metaspace       used 125357K, committed 126336K, reserved 1179648K
  class space    used 16971K, committed 17472K, reserved 1048576K
}
Event: 3180.818 GC heap before
{Heap before GC invocations=42 (full 0):
 garbage-first heap   total 311296K, used 256971K [0x0000000080000000, 0x0000000100000000)
  region size 1024K, 69 young (70656K), 1 survivors (1024K)
 Metaspace       used 125716K, committed 126656K, reserved 1179648K
  class space    used 16988K, committed 17472K, reserved 1048576K
}
Event: 3180.827 GC heap after
{Heap after GC invocations=43 (full 0):
 garbage-first heap   total 311296K, used 188856K [0x0000000080000000, 0x0000000100000000)
  region size 1024K, 1 young (1024K), 1 survivors (1024K)
 Metaspace       used 125716K, committed 126656K, reserved 1179648K
  class space    used 16988K, committed 17472K, reserved 1048576K
}
Event: 3182.093 GC heap before
{Heap before GC invocations=43 (full 0):
 garbage-first heap   total 311296K, used 260536K [0x0000000080000000, 0x0000000100000000)
  region size 1024K, 72 young (73728K), 1 survivors (1024K)
 Metaspace       used 127744K, committed 128832K, reserved 1179648K
  class space    used 17248K, committed 17792K, reserved 1048576K
}
Event: 3182.113 GC heap after
{Heap after GC invocations=44 (full 0):
 garbage-first heap   total 311296K, used 196458K [0x0000000080000000, 0x0000000100000000)
  region size 1024K, 9 young (9216K), 9 survivors (9216K)
 Metaspace       used 127744K, committed 128832K, reserved 1179648K
  class space    used 17248K, committed 17792K, reserved 1048576K
}
Event: 3182.942 GC heap before
{Heap before GC invocations=45 (full 0):
 garbage-first heap   total 348160K, used 263018K [0x0000000080000000, 0x0000000100000000)
  region size 1024K, 73 young (74752K), 9 survivors (9216K)
 Metaspace       used 129455K, committed 130304K, reserved 1179648K
  class space    used 17395K, committed 17856K, reserved 1048576K
}
Event: 3182.983 GC heap after
{Heap after GC invocations=46 (full 0):
 garbage-first heap   total 348160K, used 215602K [0x0000000080000000, 0x0000000100000000)
  region size 1024K, 10 young (10240K), 10 survivors (10240K)
 Metaspace       used 129455K, committed 130304K, reserved 1179648K
  class space    used 17395K, committed 17856K, reserved 1048576K
}
Event: 3183.075 GC heap before
{Heap before GC invocations=46 (full 0):
 garbage-first heap   total 348160K, used 221746K [0x0000000080000000, 0x0000000100000000)
  region size 1024K, 17 young (17408K), 10 survivors (10240K)
 Metaspace       used 129710K, committed 130560K, reserved 1179648K
  class space    used 17429K, committed 17856K, reserved 1048576K
}
Event: 3183.091 GC heap after
{Heap after GC invocations=47 (full 0):
 garbage-first heap   total 348160K, used 214490K [0x0000000080000000, 0x0000000100000000)
  region size 1024K, 2 young (2048K), 2 survivors (2048K)
 Metaspace       used 129710K, committed 130560K, reserved 1179648K
  class space    used 17429K, committed 17856K, reserved 1048576K
}
Event: 3183.201 GC heap before
{Heap before GC invocations=47 (full 0):
 garbage-first heap   total 348160K, used 229850K [0x0000000080000000, 0x0000000100000000)
  region size 1024K, 18 young (18432K), 2 survivors (2048K)
 Metaspace       used 130214K, committed 131072K, reserved 1179648K
  class space    used 17482K, committed 17920K, reserved 1048576K
}
Event: 3183.205 GC heap after
{Heap after GC invocations=48 (full 0):
 garbage-first heap   total 348160K, used 217478K [0x0000000080000000, 0x0000000100000000)
  region size 1024K, 5 young (5120K), 5 survivors (5120K)
 Metaspace       used 130214K, committed 131072K, reserved 1179648K
  class space    used 17482K, committed 17920K, reserved 1048576K
}
Event: 3183.807 GC heap before
{Heap before GC invocations=49 (full 0):
 garbage-first heap   total 370688K, used 310662K [0x0000000080000000, 0x0000000100000000)
  region size 1024K, 71 young (72704K), 5 survivors (5120K)
 Metaspace       used 132866K, committed 133696K, reserved 1179648K
  class space    used 17830K, committed 18240K, reserved 1048576K
}
Event: 3183.812 GC heap after
{Heap after GC invocations=50 (full 0):
 garbage-first heap   total 370688K, used 222579K [0x0000000080000000, 0x0000000100000000)
  region size 1024K, 9 young (9216K), 9 survivors (9216K)
 Metaspace       used 132866K, committed 133696K, reserved 1179648K
  class space    used 17830K, committed 18240K, reserved 1048576K
}
Event: 3183.839 GC heap before
{Heap before GC invocations=50 (full 0):
 garbage-first heap   total 370688K, used 230771K [0x0000000080000000, 0x0000000100000000)
  region size 1024K, 18 young (18432K), 9 survivors (9216K)
 Metaspace       used 133594K, committed 134464K, reserved 1179648K
  class space    used 17895K, committed 18304K, reserved 1048576K
}
Event: 3183.848 GC heap after
{Heap after GC invocations=51 (full 0):
 garbage-first heap   total 370688K, used 210067K [0x0000000080000000, 0x0000000100000000)
  region size 1024K, 2 young (2048K), 2 survivors (2048K)
 Metaspace       used 133594K, committed 134464K, reserved 1179648K
  class space    used 17895K, committed 18304K, reserved 1048576K
}
Event: 3184.101 GC heap before
{Heap before GC invocations=51 (full 0):
 garbage-first heap   total 370688K, used 301203K [0x0000000080000000, 0x0000000100000000)
  region size 1024K, 92 young (94208K), 2 survivors (2048K)
 Metaspace       used 135942K, committed 136832K, reserved 1179648K
  class space    used 18131K, committed 18560K, reserved 1048576K
}
Event: 3184.105 GC heap after
{Heap after GC invocations=52 (full 0):
 garbage-first heap   total 370688K, used 217389K [0x0000000080000000, 0x0000000100000000)
  region size 1024K, 9 young (9216K), 9 survivors (9216K)
 Metaspace       used 135942K, committed 136832K, reserved 1179648K
  class space    used 18131K, committed 18560K, reserved 1048576K
}
Event: 3184.468 GC heap before
{Heap before GC invocations=53 (full 0):
 garbage-first heap   total 391168K, used 295213K [0x0000000080000000, 0x0000000100000000)
  region size 1024K, 93 young (95232K), 9 survivors (9216K)
 Metaspace       used 138330K, committed 139200K, reserved 1179648K
  class space    used 18364K, committed 18816K, reserved 1048576K
}
Event: 3184.477 GC heap after
{Heap after GC invocations=54 (full 0):
 garbage-first heap   total 391168K, used 211182K [0x0000000080000000, 0x0000000100000000)
  region size 1024K, 7 young (7168K), 7 survivors (7168K)
 Metaspace       used 138330K, committed 139200K, reserved 1179648K
  class space    used 18364K, committed 18816K, reserved 1048576K
}
Event: 3184.622 GC heap before
{Heap before GC invocations=54 (full 0):
 garbage-first heap   total 391168K, used 223470K [0x0000000080000000, 0x0000000100000000)
  region size 1024K, 19 young (19456K), 7 survivors (7168K)
 Metaspace       used 139282K, committed 140224K, reserved 1179648K
  class space    used 18486K, committed 18944K, reserved 1048576K
}

