# JRE version: OpenJDK Runtime Environment (17.0.9) (build 17.0.9+0--11185874)
# Java VM: OpenJDK 64-Bit Server VM (17.0.9+0--11185874, mixed mode, tiered, compressed oops, compressed class ptrs, g1 gc, windows-amd64)
GC Precious Log:
 CPUs: 12 total, 12 available
 Memory: 16088M
 Large Page Support: Disabled
 NUMA Support: Disabled
 Compressed Oops: Enabled (32-bit)
 Heap Region Size: 1M
 Heap Min Capacity: 8M
 Heap Initial Capacity: 252M
 Heap Max Capacity: 2G
 Pre-touch: Disabled
 Parallel Workers: 10
 Concurrent Workers: 3
 Concurrent Refinement Workers: 10
 Periodic GC: Disabled
Heap:
 garbage-first heap   total 389120K, used 215859K [0x0000000080000000, 0x0000000100000000)
  region size 1024K, 94 young (96256K), 3 survivors (3072K)
 Metaspace       used 112663K, committed 113600K, reserved 1179648K
  class space    used 15494K, committed 15936K, reserved 1048576K
GC Heap History (20 events):
Event: 14.886 GC heap before
{Heap before GC invocations=47 (full 0):
 garbage-first heap   total 152576K, used 88303K [0x0000000080000000, 0x0000000100000000)
  region size 1024K, 7 young (7168K), 5 survivors (5120K)
 Metaspace       used 90907K, committed 91584K, reserved 1179648K
  class space    used 12676K, committed 12992K, reserved 1048576K
}
Event: 14.891 GC heap after
{Heap after GC invocations=48 (full 0):
 garbage-first heap   total 211968K, used 85979K [0x0000000080000000, 0x0000000100000000)
  region size 1024K, 1 young (1024K), 1 survivors (1024K)
 Metaspace       used 90907K, committed 91584K, reserved 1179648K
  class space    used 12676K, committed 12992K, reserved 1048576K
}
Event: 16.568 GC heap before
{Heap before GC invocations=48 (full 0):
 garbage-first heap   total 211968K, used 174043K [0x0000000080000000, 0x0000000100000000)
  region size 1024K, 87 young (89088K), 1 survivors (1024K)
 Metaspace       used 97841K, committed 98496K, reserved 1179648K
  class space    used 13648K, committed 13952K, reserved 1048576K
}
Event: 16.571 GC heap after
{Heap after GC invocations=49 (full 0):
 garbage-first heap   total 211968K, used 89950K [0x0000000080000000, 0x0000000100000000)
  region size 1024K, 5 young (5120K), 5 survivors (5120K)
 Metaspace       used 97841K, committed 98496K, reserved 1179648K
  class space    used 13648K, committed 13952K, reserved 1048576K
}
Event: 17.103 GC heap before
{Heap before GC invocations=49 (full 0):
 garbage-first heap   total 211968K, used 173918K [0x0000000080000000, 0x0000000100000000)
  region size 1024K, 87 young (89088K), 5 survivors (5120K)
 Metaspace       used 101047K, committed 101824K, reserved 1179648K
  class space    used 14237K, committed 14592K, reserved 1048576K
}
Event: 17.108 GC heap after
{Heap after GC invocations=50 (full 0):
 garbage-first heap   total 211968K, used 97914K [0x0000000080000000, 0x0000000100000000)
  region size 1024K, 11 young (11264K), 11 survivors (11264K)
 Metaspace       used 101047K, committed 101824K, reserved 1179648K
  class space    used 14237K, committed 14592K, reserved 1048576K
}
Event: 17.447 GC heap before
{Heap before GC invocations=50 (full 0):
 garbage-first heap   total 211968K, used 176762K [0x0000000080000000, 0x0000000100000000)
  region size 1024K, 84 young (86016K), 11 survivors (11264K)
 Metaspace       used 102662K, committed 103488K, reserved 1179648K
  class space    used 14343K, committed 14720K, reserved 1048576K
}
Event: 17.452 GC heap after
{Heap after GC invocations=51 (full 0):
 garbage-first heap   total 211968K, used 103221K [0x0000000080000000, 0x0000000100000000)
  region size 1024K, 7 young (7168K), 7 survivors (7168K)
 Metaspace       used 102662K, committed 103488K, reserved 1179648K
  class space    used 14343K, committed 14720K, reserved 1048576K
}
Event: 19.438 GC heap before
{Heap before GC invocations=51 (full 0):
 garbage-first heap   total 211968K, used 171829K [0x0000000080000000, 0x0000000100000000)
  region size 1024K, 75 young (76800K), 7 survivors (7168K)
 Metaspace       used 104022K, committed 104704K, reserved 1179648K
  class space    used 14525K, committed 14848K, reserved 1048576K
}
Event: 19.450 GC heap after
{Heap after GC invocations=52 (full 0):
 garbage-first heap   total 211968K, used 108942K [0x0000000080000000, 0x0000000100000000)
  region size 1024K, 7 young (7168K), 7 survivors (7168K)
 Metaspace       used 104022K, committed 104704K, reserved 1179648K
  class space    used 14525K, committed 14848K, reserved 1048576K
}
Event: 19.946 GC heap before
{Heap before GC invocations=53 (full 0):
 garbage-first heap   total 211968K, used 173454K [0x0000000080000000, 0x0000000100000000)
  region size 1024K, 71 young (72704K), 7 survivors (7168K)
 Metaspace       used 105507K, committed 106240K, reserved 1179648K
  class space    used 14713K, committed 15040K, reserved 1048576K
}
Event: 19.954 GC heap after
{Heap after GC invocations=54 (full 0):
 garbage-first heap   total 211968K, used 113532K [0x0000000080000000, 0x0000000100000000)
  region size 1024K, 5 young (5120K), 5 survivors (5120K)
 Metaspace       used 105507K, committed 106240K, reserved 1179648K
  class space    used 14713K, committed 15040K, reserved 1048576K
}
Event: 19.993 GC heap before
{Heap before GC invocations=54 (full 0):
 garbage-first heap   total 211968K, used 117628K [0x0000000080000000, 0x0000000100000000)
  region size 1024K, 10 young (10240K), 5 survivors (5120K)
 Metaspace       used 105779K, committed 106560K, reserved 1179648K
  class space    used 14734K, committed 15104K, reserved 1048576K
}
Event: 19.997 GC heap after
{Heap after GC invocations=55 (full 0):
 garbage-first heap   total 211968K, used 113029K [0x0000000080000000, 0x0000000100000000)
  region size 1024K, 1 young (1024K), 1 survivors (1024K)
 Metaspace       used 105779K, committed 106560K, reserved 1179648K
  class space    used 14734K, committed 15104K, reserved 1048576K
}
Event: 20.273 GC heap before
{Heap before GC invocations=55 (full 0):
 garbage-first heap   total 211968K, used 174469K [0x0000000080000000, 0x0000000100000000)
  region size 1024K, 62 young (63488K), 1 survivors (1024K)
 Metaspace       used 106542K, committed 107328K, reserved 1179648K
  class space    used 14826K, committed 15232K, reserved 1048576K
}
Event: 20.280 GC heap after
{Heap after GC invocations=56 (full 0):
 garbage-first heap   total 423936K, used 114466K [0x0000000080000000, 0x0000000100000000)
  region size 1024K, 2 young (2048K), 2 survivors (2048K)
 Metaspace       used 106542K, committed 107328K, reserved 1179648K
  class space    used 14826K, committed 15232K, reserved 1048576K
}
Event: 74.212 GC heap before
{Heap before GC invocations=57 (full 0):
 garbage-first heap   total 389120K, used 342818K [0x0000000080000000, 0x0000000100000000)
  region size 1024K, 225 young (230400K), 2 survivors (2048K)
 Metaspace       used 112117K, committed 113024K, reserved 1179648K
  class space    used 15472K, committed 15936K, reserved 1048576K
}
Event: 74.218 GC heap after
{Heap after GC invocations=58 (full 0):
 garbage-first heap   total 389120K, used 123504K [0x0000000080000000, 0x0000000100000000)
  region size 1024K, 11 young (11264K), 11 survivors (11264K)
 Metaspace       used 112117K, committed 113024K, reserved 1179648K
  class space    used 15472K, committed 15936K, reserved 1048576K
}
Event: 74.277 GC heap before
{Heap before GC invocations=58 (full 0):
 garbage-first heap   total 389120K, used 130672K [0x0000000080000000, 0x0000000100000000)
  region size 1024K, 19 young (19456K), 11 survivors (11264K)
 Metaspace       used 112182K, committed 113088K, reserved 1179648K
  class space    used 15475K, committed 15936K, reserved 1048576K
}
Event: 74.281 GC heap after
{Heap after GC invocations=59 (full 0):
 garbage-first heap   total 389120K, used 124723K [0x0000000080000000, 0x0000000100000000)
  region size 1024K, 3 young (3072K), 3 survivors (3072K)
 Metaspace       used 112182K, committed 113088K, reserved 1179648K
  class space    used 15475K, committed 15936K, reserved 1048576K
}

